06:54:53,417 - [MAIN] - ERROR - Bussiness.BaseBussiness - GetServerConfig
System.NullReferenceException: Object reference not set to an instance of an object.
   at Bussiness.ServiceBussiness.GetServerPropertyByKey(String key) in E:\temp\download\Gunny.phien-nhatrang\Herman-PC\workspace\Server3.0\Bussiness\ServiceBussiness.cs:line 254
06:54:53,450 - [MAIN] - ERROR - Bussiness.GameProperties - Cannot find server property Edition,keep it default value!
06:54:53,453 - [MAIN] - ERROR - Bussiness.BaseBussiness - GetServerConfig
System.NullReferenceException: Object reference not set to an instance of an object.
   at Bussiness.ServiceBussiness.GetServerPropertyByKey(String key) in E:\temp\download\Gunny.phien-nhatrang\Herman-PC\workspace\Server3.0\Bussiness\ServiceBussiness.cs:line 254
06:54:53,456 - [MAIN] - ERROR - Bussiness.GameProperties - Cannot find server property MustComposeGold,keep it default value!
06:54:53,458 - [MAIN] - ERROR - Bussiness.BaseBussiness - GetServerConfig
System.NullReferenceException: Object reference not set to an instance of an object.
   at Bussiness.ServiceBussiness.GetServerPropertyByKey(String key) in E:\temp\download\Gunny.phien-nhatrang\Herman-PC\workspace\Server3.0\Bussiness\ServiceBussiness.cs:line 254
06:54:53,459 - [MAIN] - ERROR - Bussiness.GameProperties - Cannot find server property MustFusionGold,keep it default value!
06:54:53,461 - [MAIN] - ERROR - Bussiness.BaseBussiness - GetServerConfig
System.NullReferenceException: Object reference not set to an instance of an object.
   at Bussiness.ServiceBussiness.GetServerPropertyByKey(String key) in E:\temp\download\Gunny.phien-nhatrang\Herman-PC\workspace\Server3.0\Bussiness\ServiceBussiness.cs:line 254
06:54:53,462 - [MAIN] - ERROR - Bussiness.GameProperties - Cannot find server property MustStrengthenGold,keep it default value!
06:54:53,464 - [MAIN] - ERROR - Bussiness.BaseBussiness - GetServerConfig
System.NullReferenceException: Object reference not set to an instance of an object.
   at Bussiness.ServiceBussiness.GetServerPropertyByKey(String key) in E:\temp\download\Gunny.phien-nhatrang\Herman-PC\workspace\Server3.0\Bussiness\ServiceBussiness.cs:line 254
06:54:53,469 - [MAIN] - ERROR - Bussiness.GameProperties - Cannot find server property CheckRewardItem,keep it default value!
06:54:53,469 - [MAIN] - ERROR - Bussiness.BaseBussiness - GetServerConfig
System.NullReferenceException: Object reference not set to an instance of an object.
   at Bussiness.ServiceBussiness.GetServerPropertyByKey(String key) in E:\temp\download\Gunny.phien-nhatrang\Herman-PC\workspace\Server3.0\Bussiness\ServiceBussiness.cs:line 254
06:54:53,469 - [MAIN] - ERROR - Bussiness.GameProperties - Cannot find server property CheckCount,keep it default value!
06:54:53,484 - [MAIN] - ERROR - Bussiness.BaseBussiness - GetServerConfig
System.NullReferenceException: Object reference not set to an instance of an object.
   at Bussiness.ServiceBussiness.GetServerPropertyByKey(String key) in E:\temp\download\Gunny.phien-nhatrang\Herman-PC\workspace\Server3.0\Bussiness\ServiceBussiness.cs:line 254
06:54:53,484 - [MAIN] - ERROR - Bussiness.GameProperties - Cannot find server property HymenealMoney,keep it default value!
06:54:53,484 - [MAIN] - ERROR - Bussiness.BaseBussiness - GetServerConfig
System.NullReferenceException: Object reference not set to an instance of an object.
   at Bussiness.ServiceBussiness.GetServerPropertyByKey(String key) in E:\temp\download\Gunny.phien-nhatrang\Herman-PC\workspace\Server3.0\Bussiness\ServiceBussiness.cs:line 254
06:54:53,500 - [MAIN] - ERROR - Bussiness.GameProperties - Cannot find server property DivorcedMoney,keep it default value!
06:54:53,500 - [MAIN] - ERROR - Bussiness.BaseBussiness - GetServerConfig
System.NullReferenceException: Object reference not set to an instance of an object.
   at Bussiness.ServiceBussiness.GetServerPropertyByKey(String key) in E:\temp\download\Gunny.phien-nhatrang\Herman-PC\workspace\Server3.0\Bussiness\ServiceBussiness.cs:line 254
06:54:53,500 - [MAIN] - ERROR - Bussiness.GameProperties - Cannot find server property MarryRoomCreateMoney,keep it default value!
06:54:53,516 - [MAIN] - ERROR - Bussiness.BaseBussiness - GetServerConfig
System.NullReferenceException: Object reference not set to an instance of an object.
   at Bussiness.ServiceBussiness.GetServerPropertyByKey(String key) in E:\temp\download\Gunny.phien-nhatrang\Herman-PC\workspace\Server3.0\Bussiness\ServiceBussiness.cs:line 254
06:54:53,533 - [MAIN] - ERROR - Bussiness.GameProperties - Cannot find server property BoxAppearCondition,keep it default value!
06:54:53,533 - [MAIN] - ERROR - Bussiness.BaseBussiness - GetServerConfig
System.NullReferenceException: Object reference not set to an instance of an object.
   at Bussiness.ServiceBussiness.GetServerPropertyByKey(String key) in E:\temp\download\Gunny.phien-nhatrang\Herman-PC\workspace\Server3.0\Bussiness\ServiceBussiness.cs:line 254
06:54:53,533 - [MAIN] - ERROR - Bussiness.GameProperties - Cannot find server property DisableCommands,keep it default value!
06:54:53,550 - [MAIN] - ERROR - Bussiness.BaseBussiness - GetServerConfig
System.NullReferenceException: Object reference not set to an instance of an object.
   at Bussiness.ServiceBussiness.GetServerPropertyByKey(String key) in E:\temp\download\Gunny.phien-nhatrang\Herman-PC\workspace\Server3.0\Bussiness\ServiceBussiness.cs:line 254
06:54:53,550 - [MAIN] - ERROR - Bussiness.GameProperties - Cannot find server property AssState,keep it default value!
06:54:53,566 - [MAIN] - ERROR - Bussiness.BaseBussiness - GetServerConfig
System.NullReferenceException: Object reference not set to an instance of an object.
   at Bussiness.ServiceBussiness.GetServerPropertyByKey(String key) in E:\temp\download\Gunny.phien-nhatrang\Herman-PC\workspace\Server3.0\Bussiness\ServiceBussiness.cs:line 254
06:54:53,566 - [MAIN] - ERROR - Bussiness.GameProperties - Cannot find server property DailyAwardState,keep it default value!
06:54:53,566 - [MAIN] - ERROR - Bussiness.BaseBussiness - GetServerConfig
System.NullReferenceException: Object reference not set to an instance of an object.
   at Bussiness.ServiceBussiness.GetServerPropertyByKey(String key) in E:\temp\download\Gunny.phien-nhatrang\Herman-PC\workspace\Server3.0\Bussiness\ServiceBussiness.cs:line 254
06:54:53,582 - [MAIN] - ERROR - Bussiness.GameProperties - Cannot find server property Cess,keep it default value!
06:54:53,582 - [MAIN] - ERROR - Bussiness.BaseBussiness - GetServerConfig
System.NullReferenceException: Object reference not set to an instance of an object.
   at Bussiness.ServiceBussiness.GetServerPropertyByKey(String key) in E:\temp\download\Gunny.phien-nhatrang\Herman-PC\workspace\Server3.0\Bussiness\ServiceBussiness.cs:line 254
06:54:53,582 - [MAIN] - ERROR - Bussiness.GameProperties - Cannot find server property BeginAuction,keep it default value!
06:54:53,598 - [MAIN] - ERROR - Bussiness.BaseBussiness - GetServerConfig
System.NullReferenceException: Object reference not set to an instance of an object.
   at Bussiness.ServiceBussiness.GetServerPropertyByKey(String key) in E:\temp\download\Gunny.phien-nhatrang\Herman-PC\workspace\Server3.0\Bussiness\ServiceBussiness.cs:line 254
06:54:53,598 - [MAIN] - ERROR - Bussiness.GameProperties - Cannot find server property EndAuction,keep it default value!
