06:25:17,091 - [MAIN] - INFO  - Bussiness.GameProperties - Refreshing game properties!
06:25:17,122 - [MAIN] - ERROR - Bussiness.BaseBussiness - GetServerConfig
System.NullReferenceException: Object reference not set to an instance of an object.
   at Bussiness.ServiceBussiness.GetServerPropertyByKey(String key) in E:\temp\download\Gunny.phien-nhatrang\Herman-PC\workspace\Server3.0\Bussiness\ServiceBussiness.cs:line 254
06:25:17,169 - [MAIN] - ERROR - Bussiness.GameProperties - Cannot find server property Edition,keep it default value!
06:25:17,169 - [MAIN] - ERROR - Bussiness.BaseBussiness - GetServerConfig
System.NullReferenceException: Object reference not set to an instance of an object.
   at Bussiness.ServiceBussiness.GetServerPropertyByKey(String key) in E:\temp\download\Gunny.phien-nhatrang\Herman-PC\workspace\Server3.0\Bussiness\ServiceBussiness.cs:line 254
06:25:17,169 - [MAIN] - ERROR - Bussiness.GameProperties - Cannot find server property MustComposeGold,keep it default value!
06:25:17,169 - [MAIN] - ERROR - Bussiness.BaseBussiness - GetServerConfig
System.NullReferenceException: Object reference not set to an instance of an object.
   at Bussiness.ServiceBussiness.GetServerPropertyByKey(String key) in E:\temp\download\Gunny.phien-nhatrang\Herman-PC\workspace\Server3.0\Bussiness\ServiceBussiness.cs:line 254
06:25:17,169 - [MAIN] - ERROR - Bussiness.GameProperties - Cannot find server property MustFusionGold,keep it default value!
06:25:17,169 - [MAIN] - ERROR - Bussiness.BaseBussiness - GetServerConfig
System.NullReferenceException: Object reference not set to an instance of an object.
   at Bussiness.ServiceBussiness.GetServerPropertyByKey(String key) in E:\temp\download\Gunny.phien-nhatrang\Herman-PC\workspace\Server3.0\Bussiness\ServiceBussiness.cs:line 254
06:25:17,169 - [MAIN] - ERROR - Bussiness.GameProperties - Cannot find server property MustStrengthenGold,keep it default value!
06:25:17,169 - [MAIN] - ERROR - Bussiness.BaseBussiness - GetServerConfig
System.NullReferenceException: Object reference not set to an instance of an object.
   at Bussiness.ServiceBussiness.GetServerPropertyByKey(String key) in E:\temp\download\Gunny.phien-nhatrang\Herman-PC\workspace\Server3.0\Bussiness\ServiceBussiness.cs:line 254
06:25:17,185 - [MAIN] - ERROR - Bussiness.GameProperties - Cannot find server property CheckRewardItem,keep it default value!
06:25:17,201 - [MAIN] - ERROR - Bussiness.BaseBussiness - GetServerConfig
System.NullReferenceException: Object reference not set to an instance of an object.
   at Bussiness.ServiceBussiness.GetServerPropertyByKey(String key) in E:\temp\download\Gunny.phien-nhatrang\Herman-PC\workspace\Server3.0\Bussiness\ServiceBussiness.cs:line 254
06:25:17,216 - [MAIN] - ERROR - Bussiness.GameProperties - Cannot find server property CheckCount,keep it default value!
06:25:17,232 - [MAIN] - ERROR - Bussiness.BaseBussiness - GetServerConfig
System.NullReferenceException: Object reference not set to an instance of an object.
   at Bussiness.ServiceBussiness.GetServerPropertyByKey(String key) in E:\temp\download\Gunny.phien-nhatrang\Herman-PC\workspace\Server3.0\Bussiness\ServiceBussiness.cs:line 254
06:25:17,247 - [MAIN] - ERROR - Bussiness.GameProperties - Cannot find server property HymenealMoney,keep it default value!
06:25:17,249 - [MAIN] - ERROR - Bussiness.BaseBussiness - GetServerConfig
System.NullReferenceException: Object reference not set to an instance of an object.
   at Bussiness.ServiceBussiness.GetServerPropertyByKey(String key) in E:\temp\download\Gunny.phien-nhatrang\Herman-PC\workspace\Server3.0\Bussiness\ServiceBussiness.cs:line 254
06:25:17,265 - [MAIN] - ERROR - Bussiness.GameProperties - Cannot find server property DivorcedMoney,keep it default value!
06:25:17,314 - [MAIN] - ERROR - Bussiness.BaseBussiness - GetServerConfig
System.NullReferenceException: Object reference not set to an instance of an object.
   at Bussiness.ServiceBussiness.GetServerPropertyByKey(String key) in E:\temp\download\Gunny.phien-nhatrang\Herman-PC\workspa06:53:47,823 - [MAIN] - INFO  - Bussiness.GameProperties - Refreshing game properties!
06:53:47,855 - [MAIN] - ERROR - Bussiness.BaseBussiness - GetServerConfig
System.NullReferenceException: Object reference not set to an instance of an object.
   at Bussiness.ServiceBussiness.GetServerPropertyByKey(String key) in E:\temp\download\Gunny.phien-nhatrang\Herman-PC\workspace\Server3.0\Bussiness\ServiceBussiness.cs:line 254
06:53:47,935 - [MAIN] - ERROR - Bussiness.GameProperties - Cannot find server property Edition,keep it default value!
06:53:47,935 - [MAIN] - ERROR - Bussiness.BaseBussiness - GetServerConfig
System.NullReferenceException: Object reference not set to an instance of an object.
   at Bussiness.ServiceBussiness.GetServerPropertyByKey(String key) in E:\temp\download\Gunny.phien-nhatrang\Herman-PC\workspace\Server3.0\Bussiness\ServiceBussiness.cs:line 254
06:53:47,935 - [MAIN] - ERROR - Bussiness.GameProperties - Cannot find server property MustComposeGold,keep it default value!
06:53:47,935 - [MAIN] - ERROR - Bussiness.BaseBussiness - GetServerConfig
System.NullReferenceException: Object reference not set to an instance of an object.
   at Bussiness.ServiceBussiness.GetServerPropertyByKey(String key) in E:\temp\download\Gunny.phien-nhatrang\Herman-PC\workspace\Server3.0\Bussiness\ServiceBussiness.cs:line 254
06:53:47,935 - [MAIN] - ERROR - Bussiness.GameProperties - Cannot find server property MustFusionGold,keep it default value!
06:53:47,935 - [MAIN] - ERROR - Bussiness.BaseBussiness - GetServerConfig
System.NullReferenceException: Object reference not set to an instance of an object.
   at Bussiness.ServiceBussiness.GetServerPropertyByKey(String key) in E:\temp\download\Gunny.phien-nhatrang\Herman-PC\workspace\Server3.0\Bussiness\ServiceBussiness.cs:line 254
06:53:47,935 - [MAIN] - ERROR - Bussiness.GameProperties - Cannot find server property MustStrengthenGold,keep it default value!
06:53:47,935 - [MAIN] - ERROR - Bussiness.BaseBussiness - GetServerConfig
System.NullReferenceException: Object reference not set to an instance of an object.
   at Bussiness.ServiceBussiness.GetServerPropertyByKey(String key) in E:\temp\download\Gunny.phien-nhatrang\Herman-PC\workspace\Server3.0\Bussiness\ServiceBussiness.cs:line 254
06:53:47,951 - [MAIN] - ERROR - Bussiness.GameProperties - Cannot find server property CheckRewardItem,keep it default value!
06:53:47,951 - [MAIN] - ERROR - Bussiness.BaseBussiness - GetServerConfig
System.NullReferenceException: Object reference not set to an instance of an object.
   at Bussiness.ServiceBussiness.GetServerPropertyByKey(String key) in E:\temp\download\Gunny.phien-nhatrang\Herman-PC\workspace\Server3.0\Bussiness\ServiceBussiness.cs:line 254
06:53:47,967 - [MAIN] - ERROR - Bussiness.GameProperties - Cannot find server property CheckCount,keep it default value!
06:53:47,967 - [MAIN] - ERROR - Bussiness.BaseBussiness - GetServerConfig
System.NullReferenceException: Object reference not set to an instance of an object.
   at Bussiness.ServiceBussiness.GetServerPropertyByKey(String key) in E:\temp\download\Gunny.phien-nhatrang\Herman-PC\workspace\Server3.0\Bussiness\ServiceBussiness.cs:line 254
06:53:47,983 - [MAIN] - ERROR - Bussiness.GameProperties - Cannot find server property HymenealMoney,keep it default value!
06:53:47,983 - [MAIN] - ERROR - Bussiness.BaseBussiness - GetServerConfig
System.NullReferenceException: Object reference not set to an instance of an object.
   at Bussiness.ServiceBussiness.GetServerPropertyByKey(String key) in E:\temp\download\Gunny.phien-nhatrang\Herman-PC\workspace\Server3.0\Bussiness\ServiceBussiness.cs:line 254
06:53:47,999 - [MAIN] - ERROR - Bussiness.GameProperties - Cannot find server property DivorcedMoney,keep it default value!
06:53:47,999 - [MAIN] - ERROR - Bussiness.BaseBussiness - GetServerConfig
System.NullReferenceException: Object reference not set to an instance of an object.
   at Bussiness.ServiceBussiness.GetServerPropertyByKey(String key) in E:\temp\download\Gunny.phien-nhatrang\Herman-PC\workspa06:54:53,367 - [MAIN] - INFO  - Bussiness.GameProperties - Refreshing game properties!
06:54:53,417 - [MAIN] - ERROR - Bussiness.BaseBussiness - GetServerConfig
System.NullReferenceException: Object reference not set to an instance of an object.
   at Bussiness.ServiceBussiness.GetServerPropertyByKey(String key) in E:\temp\download\Gunny.phien-nhatrang\Herman-PC\workspace\Server3.0\Bussiness\ServiceBussiness.cs:line 254
06:54:53,450 - [MAIN] - ERROR - Bussiness.GameProperties - Cannot find server property Edition,keep it default value!
06:54:53,453 - [MAIN] - ERROR - Bussiness.BaseBussiness - GetServerConfig
System.NullReferenceException: Object reference not set to an instance of an object.
   at Bussiness.ServiceBussiness.GetServerPropertyByKey(String key) in E:\temp\download\Gunny.phien-nhatrang\Herman-PC\workspace\Server3.0\Bussiness\ServiceBussiness.cs:line 254
06:54:53,456 - [MAIN] - ERROR - Bussiness.GameProperties - Cannot find server property MustComposeGold,keep it default value!
06:54:53,458 - [MAIN] - ERROR - Bussiness.BaseBussiness - GetServerConfig
System.NullReferenceException: Object reference not set to an instance of an object.
   at Bussiness.ServiceBussiness.GetServerPropertyByKey(String key) in E:\temp\download\Gunny.phien-nhatrang\Herman-PC\workspace\Server3.0\Bussiness\ServiceBussiness.cs:line 254
06:54:53,459 - [MAIN] - ERROR - Bussiness.GameProperties - Cannot find server property MustFusionGold,keep it default value!
06:54:53,461 - [MAIN] - ERROR - Bussiness.BaseBussiness - GetServerConfig
System.NullReferenceException: Object reference not set to an instance of an object.
   at Bussiness.ServiceBussiness.GetServerPropertyByKey(String key) in E:\temp\download\Gunny.phien-nhatrang\Herman-PC\workspace\Server3.0\Bussiness\ServiceBussiness.cs:line 254
06:54:53,462 - [MAIN] - ERROR - Bussiness.GameProperties - Cannot find server property MustStrengthenGold,keep it default value!
06:54:53,464 - [MAIN] - ERROR - Bussiness.BaseBussiness - GetServerConfig
System.NullReferenceException: Object reference not set to an instance of an object.
   at Bussiness.ServiceBussiness.GetServerPropertyByKey(String key) in E:\temp\download\Gunny.phien-nhatrang\Herman-PC\workspace\Server3.0\Bussiness\ServiceBussiness.cs:line 254
06:54:53,469 - [MAIN] - ERROR - Bussiness.GameProperties - Cannot find server property CheckRewardItem,keep it default value!
06:54:53,469 - [MAIN] - ERROR - Bussiness.BaseBussiness - GetServerConfig
System.NullReferenceException: Object reference not set to an instance of an object.
   at Bussiness.ServiceBussiness.GetServerPropertyByKey(String key) in E:\temp\download\Gunny.phien-nhatrang\Herman-PC\workspace\Server3.0\Bussiness\ServiceBussiness.cs:line 254
06:54:53,469 - [MAIN] - ERROR - Bussiness.GameProperties - Cannot find server property CheckCount,keep it default value!
06:54:53,484 - [MAIN] - ERROR - Bussiness.BaseBussiness - GetServerConfig
System.NullReferenceException: Object reference not set to an instance of an object.
   at Bussiness.ServiceBussiness.GetServerPropertyByKey(String key) in E:\temp\download\Gunny.phien-nhatrang\Herman-PC\workspace\Server3.0\Bussiness\ServiceBussiness.cs:line 254
06:54:53,484 - [MAIN] - ERROR - Bussiness.GameProperties - Cannot find server property HymenealMoney,keep it default value!
06:54:53,484 - [MAIN] - ERROR - Bussiness.BaseBussiness - GetServerConfig
System.NullReferenceException: Object reference not set to an instance of an object.
   at Bussiness.ServiceBussiness.GetServerPropertyByKey(String key) in E:\temp\download\Gunny.phien-nhatrang\Herman-PC\workspace\Server3.0\Bussiness\ServiceBussiness.cs:line 254
06:54:53,500 - [MAIN] - ERROR - Bussiness.GameProperties - Cannot find server property DivorcedMoney,keep it default value!
06:54:53,500 - [MAIN] - ERROR - Bussiness.BaseBussiness - GetServerConfig
System.NullReferenceException: Object reference not set to an instance of an object.
   at Bussiness.ServiceBussiness.GetServerPropertyByKey(String key) in E:\temp\download\Gunny.phien-nhatrang\Herman-PC\workspa